<?xml version="1.0" encoding="UTF-8"?>
<testsuite name="HelloMavenTest" time="11.632" tests="2" errors="0" skipped="0" failures="1">
  <properties>
    <property name="java.runtime.name" value="Java(TM) SE Runtime Environment"/>
    <property name="sun.boot.library.path" value="C:\Program Files\jdk1.7.0_51\jre\bin"/>
    <property name="java.vm.version" value="24.51-b03"/>
    <property name="java.vm.vendor" value="Oracle Corporation"/>
    <property name="maven.multiModuleProjectDirectory" value="C:\Users\00808911\AnypointStudio\workspace\maven-project"/>
    <property name="java.vendor.url" value="http://java.oracle.com/"/>
    <property name="path.separator" value=";"/>
    <property name="guice.disable.misplaced.annotation.check" value="true"/>
    <property name="java.vm.name" value="Java HotSpot(TM) 64-Bit Server VM"/>
    <property name="file.encoding.pkg" value="sun.io"/>
    <property name="user.script" value=""/>
    <property name="user.country" value="US"/>
    <property name="sun.java.launcher" value="SUN_STANDARD"/>
    <property name="sun.os.patch.level" value="Service Pack 1"/>
    <property name="java.vm.specification.name" value="Java Virtual Machine Specification"/>
    <property name="user.dir" value="C:\Users\00808911\AnypointStudio\workspace\maven-project"/>
    <property name="java.runtime.version" value="1.7.0_51-b13"/>
    <property name="java.awt.graphicsenv" value="sun.awt.Win32GraphicsEnvironment"/>
    <property name="java.endorsed.dirs" value="C:\Program Files\jdk1.7.0_51\jre\lib\endorsed"/>
    <property name="os.arch" value="amd64"/>
    <property name="java.io.tmpdir" value="C:\Users\00808911\AppData\Local\Temp\"/>
    <property name="line.separator" value="&#10;"/>
    <property name="java.vm.specification.vendor" value="Oracle Corporation"/>
    <property name="user.variant" value=""/>
    <property name="os.name" value="Windows 7"/>
    <property name="classworlds.conf" value="C:\Mulefsoftware Training\apache-maven-3.3.3\bin\..\bin\m2.conf"/>
    <property name="sun.jnu.encoding" value="Cp1252"/>
    <property name="java.library.path" value="C:\Program Files\jdk1.7.0_51\bin;C:\windows\Sun\Java\bin;C:\windows\system32;C:\windows;C:/Program Files/jdk1.7.0_51/bin/../jre/bin/server;C:/Program Files/jdk1.7.0_51/bin/../jre/bin;C:/Program Files/jdk1.7.0_51/bin/../jre/lib/amd64;C:\Program Files\jdk1.7.0_51\bin;C:\ProgramData\Oracle\Java\javapath;C:\Program Files (x86)\IBM\WebSphere MQ\Java\lib;C:\app\00808911\product\11.2.0\dbhome_2\bin;C:\Program Files\jdk1.7.0_51\bin;C:\Program Files\jdk1.7.0_51\lib;C:\Program Files (x86)\Parasoft\C++test\9.5;C:\Program Files (x86)\Java\jdk1.7.0_45\jre\bin;C:\Program Files (x86)\Java\jre7\bin;C:\Program Files (x86)\Common Files\OTG;C:\windows\system32;C:\windows;C:\windows\System32\Wbem;C:\windows\System32\WindowsPowerShell\v1.0\;C:\Program Files (x86)\MySQL\MySQL Server 5.5\bin;C:\Program Files\TortoiseSVN\bin;C:\Program Files (x86)\DameWare Development\DameWare Mini Remote Control;C:\Program Files (x86)\IBM\WebSphere MQ\bin64;C:\Program Files (x86)\IBM\WebSphere MQ\bin;C:\Program Files (x86)\IBM\WebSphere MQ\tools\c\samples\bin;C:\Mulefsoftware Training\apache-maven-3.3.3\bin;C:\Mulefsoftware Training\AnypointStudio;;."/>
    <property name="java.specification.name" value="Java Platform API Specification"/>
    <property name="java.class.version" value="51.0"/>
    <property name="sun.management.compiler" value="HotSpot 64-Bit Tiered Compilers"/>
    <property name="os.version" value="6.1"/>
    <property name="user.home" value="C:\Users\00808911"/>
    <property name="user.timezone" value="America/New_York"/>
    <property name="java.awt.printerjob" value="sun.awt.windows.WPrinterJob"/>
    <property name="java.specification.version" value="1.7"/>
    <property name="file.encoding" value="Cp1252"/>
    <property name="user.name" value="00808911"/>
    <property name="java.class.path" value="C:\Mulefsoftware Training\apache-maven-3.3.3\bin\..\boot\plexus-classworlds-2.5.2.jar"/>
    <property name="java.vm.specification.version" value="1.7"/>
    <property name="sun.arch.data.model" value="64"/>
    <property name="java.home" value="C:\Program Files\jdk1.7.0_51\jre"/>
    <property name="sun.java.command" value="org.codehaus.plexus.classworlds.launcher.Launcher -B clean package"/>
    <property name="java.specification.vendor" value="Oracle Corporation"/>
    <property name="user.language" value="en"/>
    <property name="awt.toolkit" value="sun.awt.windows.WToolkit"/>
    <property name="java.vm.info" value="mixed mode"/>
    <property name="java.version" value="1.7.0_51"/>
    <property name="java.ext.dirs" value="C:\Program Files\jdk1.7.0_51\jre\lib\ext;C:\windows\Sun\Java\lib\ext"/>
    <property name="sun.boot.class.path" value="C:\Program Files\jdk1.7.0_51\jre\lib\resources.jar;C:\Program Files\jdk1.7.0_51\jre\lib\rt.jar;C:\Program Files\jdk1.7.0_51\jre\lib\sunrsasign.jar;C:\Program Files\jdk1.7.0_51\jre\lib\jsse.jar;C:\Program Files\jdk1.7.0_51\jre\lib\jce.jar;C:\Program Files\jdk1.7.0_51\jre\lib\charsets.jar;C:\Program Files\jdk1.7.0_51\jre\lib\jfr.jar;C:\Program Files\jdk1.7.0_51\jre\classes"/>
    <property name="java.vendor" value="Oracle Corporation"/>
    <property name="maven.home" value="C:\Mulefsoftware Training\apache-maven-3.3.3\bin\.."/>
    <property name="file.separator" value="\"/>
    <property name="java.vendor.url.bug" value="http://bugreport.sun.com/bugreport/"/>
    <property name="sun.cpu.endian" value="little"/>
    <property name="sun.io.unicode.encoding" value="UnicodeLittle"/>
    <property name="sun.desktop" value="windows"/>
    <property name="sun.cpu.isalist" value="amd64"/>
  </properties>
  <testcase name="sayHelloReturnsHelloMaven" classname="HelloMavenTest" time="8.174"/>
  <testcase name="retrieveFlightsAddsAppropriate" classname="HelloMavenTest" time="3.458">
    <failure message="expected:&lt;application/json[]&gt; but was:&lt;application/json[;charset=UTF-8]&gt;" type="org.junit.ComparisonFailure"><![CDATA[org.junit.ComparisonFailure: expected:<application/json[]> but was:<application/json[;charset=UTF-8]>
	at org.junit.Assert.assertEquals(Assert.java:115)
	at org.junit.Assert.assertEquals(Assert.java:144)
	at HelloMavenTest.retrieveFlightsAddsAppropriate(HelloMavenTest.java:19)
]]></failure>
    <system-out><![CDATA[
================================================================================
= Testing: retrieveFlightsAddsAppropriate                                      =
================================================================================
INFO  2015-08-11 10:15:43,608 [Thread-13] HelloMavenTest: Using working directory for test: C:\Users\00808911\AppData\Local\Temp\junit990179085542662140
WARN  2015-08-11 10:15:45,096 [Thread-13] org.mule.model.seda.SedaModel: The <model> element is deprecated in Mule 3.4 and will be removed in Mule 4.0.  Flows do not need to be configured inside a <model> element. 
WARN  2015-08-11 10:15:45,097 [Thread-13] org.mule.model.seda.SedaService: Services (SedaService or any custom implementation) are deprecated in Mule 3.4 and will be removed in Mule 4.0. 
WARN  2015-08-11 10:15:45,197 [Thread-13] com.mulesoft.mule.transport.jms.EeJmsMessageDispatcher: Starting patched JmsMessageReceiver
WARN  2015-08-11 10:15:45,202 [Thread-13] org.mule.transport.jms.JmsMessageUtils: Header: Content-Type is not compliant with JMS specification (sec. 3.5.1, 3.8.1.1). It will cause problems in your and other applications. Please update your application code to correct this. Mule renamed it to Content_Type
]]></system-out>
  </testcase>
</testsuite>